running egg_info
creating ../build/robot_control_gui/robot_control_gui.egg-info
writing ../build/robot_control_gui/robot_control_gui.egg-info/PKG-INFO
writing dependency_links to ../build/robot_control_gui/robot_control_gui.egg-info/dependency_links.txt
writing entry points to ../build/robot_control_gui/robot_control_gui.egg-info/entry_points.txt
writing requirements to ../build/robot_control_gui/robot_control_gui.egg-info/requires.txt
writing top-level names to ../build/robot_control_gui/robot_control_gui.egg-info/top_level.txt
writing manifest file '../build/robot_control_gui/robot_control_gui.egg-info/SOURCES.txt'
reading manifest file '../build/robot_control_gui/robot_control_gui.egg-info/SOURCES.txt'
writing manifest file '../build/robot_control_gui/robot_control_gui.egg-info/SOURCES.txt'
running build
running build_py
creating /home/rokey/7_ws/src/build/robot_control_gui/build
creating /home/rokey/7_ws/src/build/robot_control_gui/build/lib
creating /home/rokey/7_ws/src/build/robot_control_gui/build/lib/robot_control_gui
copying robot_control_gui/robot_control_gui.py -> /home/rokey/7_ws/src/build/robot_control_gui/build/lib/robot_control_gui
copying robot_control_gui/__init__.py -> /home/rokey/7_ws/src/build/robot_control_gui/build/lib/robot_control_gui
running install
running install_lib
creating /home/rokey/7_ws/src/install/robot_control_gui/lib/python3.10/site-packages/robot_control_gui
copying /home/rokey/7_ws/src/build/robot_control_gui/build/lib/robot_control_gui/robot_control_gui.py -> /home/rokey/7_ws/src/install/robot_control_gui/lib/python3.10/site-packages/robot_control_gui
copying /home/rokey/7_ws/src/build/robot_control_gui/build/lib/robot_control_gui/__init__.py -> /home/rokey/7_ws/src/install/robot_control_gui/lib/python3.10/site-packages/robot_control_gui
byte-compiling /home/rokey/7_ws/src/install/robot_control_gui/lib/python3.10/site-packages/robot_control_gui/robot_control_gui.py to robot_control_gui.cpython-310.pyc
byte-compiling /home/rokey/7_ws/src/install/robot_control_gui/lib/python3.10/site-packages/robot_control_gui/__init__.py to __init__.cpython-310.pyc
running install_data
creating /home/rokey/7_ws/src/install/robot_control_gui/share/ament_index
creating /home/rokey/7_ws/src/install/robot_control_gui/share/ament_index/resource_index
creating /home/rokey/7_ws/src/install/robot_control_gui/share/ament_index/resource_index/packages
copying resource/robot_control_gui -> /home/rokey/7_ws/src/install/robot_control_gui/share/ament_index/resource_index/packages
copying package.xml -> /home/rokey/7_ws/src/install/robot_control_gui/share/robot_control_gui
running install_egg_info
Copying ../build/robot_control_gui/robot_control_gui.egg-info to /home/rokey/7_ws/src/install/robot_control_gui/lib/python3.10/site-packages/robot_control_gui-0.0.1-py3.10.egg-info
running install_scripts
Installing robot_control_gui script to /home/rokey/7_ws/src/install/robot_control_gui/lib/robot_control_gui
writing list of installed files to '/home/rokey/7_ws/src/build/robot_control_gui/install.log'
