[0.179s] DEBUG:colcon:Command line arguments: ['/usr/bin/colcon', 'build', '--packages-select', 'robot_control_gui']
[0.179s] DEBUG:colcon:Parsed command line arguments: Namespace(log_base=None, log_level=None, verb_name='build', build_base='build', install_base='install', merge_install=False, symlink_install=False, test_result_base=None, continue_on_error=False, executor='parallel', parallel_workers=8, event_handlers=None, ignore_user_meta=False, metas=['./colcon.meta'], base_paths=['.'], packages_ignore=None, packages_ignore_regex=None, paths=None, packages_up_to=None, packages_up_to_regex=None, packages_above=None, packages_above_and_dependencies=None, packages_above_depth=None, packages_select_by_dep=None, packages_skip_by_dep=None, packages_skip_up_to=None, packages_select_build_failed=False, packages_skip_build_finished=False, packages_select_test_failures=False, packages_skip_test_passed=False, packages_select=['robot_control_gui'], packages_skip=None, packages_select_regex=None, packages_skip_regex=None, packages_start=None, packages_end=None, allow_overriding=[], cmake_args=None, cmake_target=None, cmake_target_skip_unavailable=False, cmake_clean_cache=False, cmake_clean_first=False, cmake_force_configure=False, ament_cmake_args=None, catkin_cmake_args=None, catkin_skip_building_tests=False, mixin_files=None, mixin=None, verb_parser=<colcon_mixin.mixin.mixin_argument.MixinArgumentDecorator object at 0x71c5f34a34f0>, verb_extension=<colcon_core.verb.build.BuildVerb object at 0x71c5f3462560>, main=<bound method BuildVerb.main of <colcon_core.verb.build.BuildVerb object at 0x71c5f3462560>>, mixin_verb=('build',))
[0.410s] Level 1:colcon.colcon_core.package_discovery:discover_packages(colcon_meta) check parameters
[0.410s] Level 1:colcon.colcon_core.package_discovery:discover_packages(recursive) check parameters
[0.410s] Level 1:colcon.colcon_core.package_discovery:discover_packages(ignore) check parameters
[0.410s] Level 1:colcon.colcon_core.package_discovery:discover_packages(path) check parameters
[0.410s] Level 1:colcon.colcon_core.package_discovery:discover_packages(colcon_meta) discover
[0.410s] Level 1:colcon.colcon_core.package_discovery:discover_packages(recursive) discover
[0.410s] INFO:colcon.colcon_core.package_discovery:Crawling recursively for packages in '/home/rokey/7_ws/src'
[0.410s] Level 1:colcon.colcon_core.package_identification:_identify(.) by extensions ['ignore', 'ignore_ament_install']
[0.410s] Level 1:colcon.colcon_core.package_identification:_identify(.) by extension 'ignore'
[0.410s] Level 1:colcon.colcon_core.package_identification:_identify(.) by extension 'ignore_ament_install'
[0.410s] Level 1:colcon.colcon_core.package_identification:_identify(.) by extensions ['colcon_pkg']
[0.410s] Level 1:colcon.colcon_core.package_identification:_identify(.) by extension 'colcon_pkg'
[0.410s] Level 1:colcon.colcon_core.package_identification:_identify(.) by extensions ['colcon_meta']
[0.410s] Level 1:colcon.colcon_core.package_identification:_identify(.) by extension 'colcon_meta'
[0.410s] Level 1:colcon.colcon_core.package_identification:_identify(.) by extensions ['ros']
[0.410s] Level 1:colcon.colcon_core.package_identification:_identify(.) by extension 'ros'
[0.422s] Level 1:colcon.colcon_core.package_identification:_identify(.) by extensions ['cmake', 'python']
[0.422s] Level 1:colcon.colcon_core.package_identification:_identify(.) by extension 'cmake'
[0.422s] Level 1:colcon.colcon_core.package_identification:_identify(.) by extension 'python'
[0.422s] Level 1:colcon.colcon_core.package_identification:_identify(.) by extensions ['python_setup_py']
[0.422s] Level 1:colcon.colcon_core.package_identification:_identify(.) by extension 'python_setup_py'
[0.422s] Level 1:colcon.colcon_core.package_identification:_identify(build) by extensions ['ignore', 'ignore_ament_install']
[0.422s] Level 1:colcon.colcon_core.package_identification:_identify(build) by extension 'ignore'
[0.422s] Level 1:colcon.colcon_core.package_identification:_identify(build) ignored
[0.422s] Level 1:colcon.colcon_core.package_identification:_identify(install) by extensions ['ignore', 'ignore_ament_install']
[0.422s] Level 1:colcon.colcon_core.package_identification:_identify(install) by extension 'ignore'
[0.422s] Level 1:colcon.colcon_core.package_identification:_identify(install) ignored
[0.422s] Level 1:colcon.colcon_core.package_identification:_identify(log) by extensions ['ignore', 'ignore_ament_install']
[0.422s] Level 1:colcon.colcon_core.package_identification:_identify(log) by extension 'ignore'
[0.422s] Level 1:colcon.colcon_core.package_identification:_identify(log) ignored
[0.422s] Level 1:colcon.colcon_core.package_identification:_identify(robot_control_gui) by extensions ['ignore', 'ignore_ament_install']
[0.423s] Level 1:colcon.colcon_core.package_identification:_identify(robot_control_gui) by extension 'ignore'
[0.423s] Level 1:colcon.colcon_core.package_identification:_identify(robot_control_gui) by extension 'ignore_ament_install'
[0.423s] Level 1:colcon.colcon_core.package_identification:_identify(robot_control_gui) by extensions ['colcon_pkg']
[0.423s] Level 1:colcon.colcon_core.package_identification:_identify(robot_control_gui) by extension 'colcon_pkg'
[0.423s] Level 1:colcon.colcon_core.package_identification:_identify(robot_control_gui) by extensions ['colcon_meta']
[0.423s] Level 1:colcon.colcon_core.package_identification:_identify(robot_control_gui) by extension 'colcon_meta'
[0.423s] Level 1:colcon.colcon_core.package_identification:_identify(robot_control_gui) by extensions ['ros']
[0.423s] Level 1:colcon.colcon_core.package_identification:_identify(robot_control_gui) by extension 'ros'
[0.426s] DEBUG:colcon.colcon_core.package_identification:Package 'robot_control_gui' with type 'ros.ament_python' and name 'robot_control_gui'
[0.426s] Level 1:colcon.colcon_core.package_discovery:discover_packages(recursive) using defaults
[0.426s] Level 1:colcon.colcon_core.package_discovery:discover_packages(ignore) discover
[0.426s] Level 1:colcon.colcon_core.package_discovery:discover_packages(ignore) using defaults
[0.426s] Level 1:colcon.colcon_core.package_discovery:discover_packages(path) discover
[0.426s] Level 1:colcon.colcon_core.package_discovery:discover_packages(path) using defaults
[0.451s] Level 1:colcon.colcon_core.package_discovery:discover_packages(prefix_path) check parameters
[0.451s] Level 1:colcon.colcon_core.package_discovery:discover_packages(prefix_path) discover
[0.456s] DEBUG:colcon.colcon_installed_package_information.package_discovery:Found 15 installed packages in /home/rokey/turtlebot3_ws/install
[0.457s] DEBUG:colcon.colcon_installed_package_information.package_discovery:Found 443 installed packages in /opt/ros/humble
[0.460s] Level 1:colcon.colcon_core.package_discovery:discover_packages(prefix_path) using defaults
[0.536s] Level 5:colcon.colcon_core.verb:set package 'robot_control_gui' build argument 'cmake_args' from command line to 'None'
[0.536s] Level 5:colcon.colcon_core.verb:set package 'robot_control_gui' build argument 'cmake_target' from command line to 'None'
[0.536s] Level 5:colcon.colcon_core.verb:set package 'robot_control_gui' build argument 'cmake_target_skip_unavailable' from command line to 'False'
[0.536s] Level 5:colcon.colcon_core.verb:set package 'robot_control_gui' build argument 'cmake_clean_cache' from command line to 'False'
[0.536s] Level 5:colcon.colcon_core.verb:set package 'robot_control_gui' build argument 'cmake_clean_first' from command line to 'False'
[0.536s] Level 5:colcon.colcon_core.verb:set package 'robot_control_gui' build argument 'cmake_force_configure' from command line to 'False'
[0.536s] Level 5:colcon.colcon_core.verb:set package 'robot_control_gui' build argument 'ament_cmake_args' from command line to 'None'
[0.536s] Level 5:colcon.colcon_core.verb:set package 'robot_control_gui' build argument 'catkin_cmake_args' from command line to 'None'
[0.536s] Level 5:colcon.colcon_core.verb:set package 'robot_control_gui' build argument 'catkin_skip_building_tests' from command line to 'False'
[0.536s] DEBUG:colcon.colcon_core.verb:Building package 'robot_control_gui' with the following arguments: {'ament_cmake_args': None, 'build_base': '/home/rokey/7_ws/src/build/robot_control_gui', 'catkin_cmake_args': None, 'catkin_skip_building_tests': False, 'cmake_args': None, 'cmake_clean_cache': False, 'cmake_clean_first': False, 'cmake_force_configure': False, 'cmake_target': None, 'cmake_target_skip_unavailable': False, 'install_base': '/home/rokey/7_ws/src/install/robot_control_gui', 'merge_install': False, 'path': '/home/rokey/7_ws/src/robot_control_gui', 'symlink_install': False, 'test_result_base': None}
[0.536s] INFO:colcon.colcon_core.executor:Executing jobs using 'parallel' executor
[0.537s] DEBUG:colcon.colcon_parallel_executor.executor.parallel:run_until_complete
[0.538s] INFO:colcon.colcon_ros.task.ament_python.build:Building ROS package in '/home/rokey/7_ws/src/robot_control_gui' with build type 'ament_python'
[0.538s] Level 1:colcon.colcon_core.shell:create_environment_hook('robot_control_gui', 'ament_prefix_path')
[0.541s] INFO:colcon.colcon_core.plugin_system:Skipping extension 'colcon_core.shell.bat': Not used on non-Windows systems
[0.541s] INFO:colcon.colcon_core.shell:Creating environment hook '/home/rokey/7_ws/src/install/robot_control_gui/share/robot_control_gui/hook/ament_prefix_path.ps1'
[0.542s] INFO:colcon.colcon_core.shell:Creating environment descriptor '/home/rokey/7_ws/src/install/robot_control_gui/share/robot_control_gui/hook/ament_prefix_path.dsv'
[0.543s] INFO:colcon.colcon_core.shell:Creating environment hook '/home/rokey/7_ws/src/install/robot_control_gui/share/robot_control_gui/hook/ament_prefix_path.sh'
[0.543s] INFO:colcon.colcon_core.shell:Skip shell extension 'powershell' for command environment: Not usable outside of PowerShell
[0.543s] DEBUG:colcon.colcon_core.shell:Skip shell extension 'dsv' for command environment
[0.876s] INFO:colcon.colcon_core.task.python.build:Building Python package in '/home/rokey/7_ws/src/robot_control_gui'
[0.877s] INFO:colcon.colcon_core.shell:Skip shell extension 'powershell' for command environment: Not usable outside of PowerShell
[0.877s] DEBUG:colcon.colcon_core.shell:Skip shell extension 'dsv' for command environment
[1.330s] DEBUG:colcon.colcon_core.event_handler.log_command:Invoking command in '/home/rokey/7_ws/src/robot_control_gui': PYTHONPATH=/home/rokey/7_ws/src/build/robot_control_gui/prefix_override:/usr/lib/python3/dist-packages/colcon_core/task/python/colcon_distutils_commands:/home/rokey/7_ws/src/install/robot_control_gui/lib/python3.10/site-packages:${PYTHONPATH} /usr/bin/python3 -W ignore:setup.py install is deprecated -W ignore:easy_install command is deprecated setup.py egg_info --egg-base ../build/robot_control_gui build --build-base /home/rokey/7_ws/src/build/robot_control_gui/build install --record /home/rokey/7_ws/src/build/robot_control_gui/install.log --single-version-externally-managed install_data
[1.668s] DEBUG:colcon.colcon_core.event_handler.log_command:Invoked command in '/home/rokey/7_ws/src/robot_control_gui' returned '0': PYTHONPATH=/home/rokey/7_ws/src/build/robot_control_gui/prefix_override:/usr/lib/python3/dist-packages/colcon_core/task/python/colcon_distutils_commands:/home/rokey/7_ws/src/install/robot_control_gui/lib/python3.10/site-packages:${PYTHONPATH} /usr/bin/python3 -W ignore:setup.py install is deprecated -W ignore:easy_install command is deprecated setup.py egg_info --egg-base ../build/robot_control_gui build --build-base /home/rokey/7_ws/src/build/robot_control_gui/build install --record /home/rokey/7_ws/src/build/robot_control_gui/install.log --single-version-externally-managed install_data
[1.673s] Level 1:colcon.colcon_core.environment:checking '/home/rokey/7_ws/src/install/robot_control_gui' for CMake module files
[1.673s] Level 1:colcon.colcon_core.environment:checking '/home/rokey/7_ws/src/install/robot_control_gui' for CMake config files
[1.674s] Level 1:colcon.colcon_core.environment:checking '/home/rokey/7_ws/src/install/robot_control_gui/lib'
[1.674s] Level 1:colcon.colcon_core.environment:checking '/home/rokey/7_ws/src/install/robot_control_gui/bin'
[1.674s] Level 1:colcon.colcon_core.environment:checking '/home/rokey/7_ws/src/install/robot_control_gui/lib/pkgconfig/robot_control_gui.pc'
[1.674s] Level 1:colcon.colcon_core.environment:checking '/home/rokey/7_ws/src/install/robot_control_gui/lib/python3.10/site-packages'
[1.674s] Level 1:colcon.colcon_core.shell:create_environment_hook('robot_control_gui', 'pythonpath')
[1.675s] INFO:colcon.colcon_core.shell:Creating environment hook '/home/rokey/7_ws/src/install/robot_control_gui/share/robot_control_gui/hook/pythonpath.ps1'
[1.675s] INFO:colcon.colcon_core.shell:Creating environment descriptor '/home/rokey/7_ws/src/install/robot_control_gui/share/robot_control_gui/hook/pythonpath.dsv'
[1.675s] INFO:colcon.colcon_core.shell:Creating environment hook '/home/rokey/7_ws/src/install/robot_control_gui/share/robot_control_gui/hook/pythonpath.sh'
[1.676s] Level 1:colcon.colcon_core.environment:checking '/home/rokey/7_ws/src/install/robot_control_gui/bin'
[1.676s] Level 1:colcon.colcon_core.environment:create_environment_scripts_only(robot_control_gui)
[1.676s] INFO:colcon.colcon_core.shell:Creating package script '/home/rokey/7_ws/src/install/robot_control_gui/share/robot_control_gui/package.ps1'
[1.677s] INFO:colcon.colcon_core.shell:Creating package descriptor '/home/rokey/7_ws/src/install/robot_control_gui/share/robot_control_gui/package.dsv'
[1.678s] INFO:colcon.colcon_core.shell:Creating package script '/home/rokey/7_ws/src/install/robot_control_gui/share/robot_control_gui/package.sh'
[1.679s] INFO:colcon.colcon_core.shell:Creating package script '/home/rokey/7_ws/src/install/robot_control_gui/share/robot_control_gui/package.bash'
[1.680s] INFO:colcon.colcon_core.shell:Creating package script '/home/rokey/7_ws/src/install/robot_control_gui/share/robot_control_gui/package.zsh'
[1.681s] Level 1:colcon.colcon_core.environment:create_file_with_runtime_dependencies(/home/rokey/7_ws/src/install/robot_control_gui/share/colcon-core/packages/robot_control_gui)
[1.681s] DEBUG:colcon.colcon_parallel_executor.executor.parallel:closing loop
[1.681s] DEBUG:colcon.colcon_parallel_executor.executor.parallel:loop closed
[1.682s] DEBUG:colcon.colcon_parallel_executor.executor.parallel:run_until_complete finished with '0'
[1.682s] DEBUG:colcon.colcon_core.event_reactor:joining thread
[1.691s] INFO:colcon.colcon_core.plugin_system:Skipping extension 'colcon_notification.desktop_notification.terminal_notifier': Not used on non-Darwin systems
[1.692s] INFO:colcon.colcon_core.plugin_system:Skipping extension 'colcon_notification.desktop_notification.win32': Not used on non-Windows systems
[1.692s] INFO:colcon.colcon_notification.desktop_notification:Sending desktop notification using 'notify2'
[1.706s] DEBUG:colcon.colcon_core.event_reactor:joined thread
[1.707s] INFO:colcon.colcon_core.shell:Creating prefix script '/home/rokey/7_ws/src/install/local_setup.ps1'
[1.708s] INFO:colcon.colcon_core.shell:Creating prefix util module '/home/rokey/7_ws/src/install/_local_setup_util_ps1.py'
[1.710s] INFO:colcon.colcon_core.shell:Creating prefix chain script '/home/rokey/7_ws/src/install/setup.ps1'
[1.712s] INFO:colcon.colcon_core.shell:Creating prefix script '/home/rokey/7_ws/src/install/local_setup.sh'
[1.713s] INFO:colcon.colcon_core.shell:Creating prefix util module '/home/rokey/7_ws/src/install/_local_setup_util_sh.py'
[1.714s] INFO:colcon.colcon_core.shell:Creating prefix chain script '/home/rokey/7_ws/src/install/setup.sh'
[1.716s] INFO:colcon.colcon_core.shell:Creating prefix script '/home/rokey/7_ws/src/install/local_setup.bash'
[1.717s] INFO:colcon.colcon_core.shell:Creating prefix chain script '/home/rokey/7_ws/src/install/setup.bash'
[1.719s] INFO:colcon.colcon_core.shell:Creating prefix script '/home/rokey/7_ws/src/install/local_setup.zsh'
[1.720s] INFO:colcon.colcon_core.shell:Creating prefix chain script '/home/rokey/7_ws/src/install/setup.zsh'
