running egg_info
writing ../build/robot_control_gui/robot_control_gui.egg-info/PKG-INFO
writing dependency_links to ../build/robot_control_gui/robot_control_gui.egg-info/dependency_links.txt
writing entry points to ../build/robot_control_gui/robot_control_gui.egg-info/entry_points.txt
writing requirements to ../build/robot_control_gui/robot_control_gui.egg-info/requires.txt
writing top-level names to ../build/robot_control_gui/robot_control_gui.egg-info/top_level.txt
reading manifest file '../build/robot_control_gui/robot_control_gui.egg-info/SOURCES.txt'
writing manifest file '../build/robot_control_gui/robot_control_gui.egg-info/SOURCES.txt'
running build
running build_py
copying robot_control_gui/robot_control_gui.py -> /home/rokey/7_ws/src/build/robot_control_gui/build/lib/robot_control_gui
running install
running install_lib
copying /home/rokey/7_ws/src/build/robot_control_gui/build/lib/robot_control_gui/robot_control_gui.py -> /home/rokey/7_ws/src/install/robot_control_gui/lib/python3.10/site-packages/robot_control_gui
byte-compiling /home/rokey/7_ws/src/install/robot_control_gui/lib/python3.10/site-packages/robot_control_gui/robot_control_gui.py to robot_control_gui.cpython-310.pyc
running install_data
running install_egg_info
removing '/home/rokey/7_ws/src/install/robot_control_gui/lib/python3.10/site-packages/robot_control_gui-0.0.1-py3.10.egg-info' (and everything under it)
Copying ../build/robot_control_gui/robot_control_gui.egg-info to /home/rokey/7_ws/src/install/robot_control_gui/lib/python3.10/site-packages/robot_control_gui-0.0.1-py3.10.egg-info
running install_scripts
Installing robot_control_gui script to /home/rokey/7_ws/src/install/robot_control_gui/lib/robot_control_gui
writing list of installed files to '/home/rokey/7_ws/src/build/robot_control_gui/install.log'
