[0.797s] Invoking command in '/home/rokey/7_ws/src/robot_control_gui': PYTHONPATH=/home/rokey/7_ws/src/build/robot_control_gui/prefix_override:/usr/lib/python3/dist-packages/colcon_core/task/python/colcon_distutils_commands:/home/rokey/7_ws/src/install/robot_control_gui/lib/python3.10/site-packages:${PYTHONPATH} /usr/bin/python3 -W ignore:setup.py install is deprecated -W ignore:easy_install command is deprecated setup.py egg_info --egg-base ../build/robot_control_gui build --build-base /home/rokey/7_ws/src/build/robot_control_gui/build install --record /home/rokey/7_ws/src/build/robot_control_gui/install.log --single-version-externally-managed install_data
[1.077s] running egg_info
[1.078s] writing ../build/robot_control_gui/robot_control_gui.egg-info/PKG-INFO
[1.078s] writing dependency_links to ../build/robot_control_gui/robot_control_gui.egg-info/dependency_links.txt
[1.078s] writing entry points to ../build/robot_control_gui/robot_control_gui.egg-info/entry_points.txt
[1.079s] writing requirements to ../build/robot_control_gui/robot_control_gui.egg-info/requires.txt
[1.079s] writing top-level names to ../build/robot_control_gui/robot_control_gui.egg-info/top_level.txt
[1.081s] reading manifest file '../build/robot_control_gui/robot_control_gui.egg-info/SOURCES.txt'
[1.085s] writing manifest file '../build/robot_control_gui/robot_control_gui.egg-info/SOURCES.txt'
[1.085s] running build
[1.085s] running build_py
[1.086s] copying robot_control_gui/robot_control_gui.py -> /home/rokey/7_ws/src/build/robot_control_gui/build/lib/robot_control_gui
[1.086s] running install
[1.086s] running install_lib
[1.087s] copying /home/rokey/7_ws/src/build/robot_control_gui/build/lib/robot_control_gui/robot_control_gui.py -> /home/rokey/7_ws/src/install/robot_control_gui/lib/python3.10/site-packages/robot_control_gui
[1.088s] byte-compiling /home/rokey/7_ws/src/install/robot_control_gui/lib/python3.10/site-packages/robot_control_gui/robot_control_gui.py to robot_control_gui.cpython-310.pyc
[1.090s] running install_data
[1.090s] running install_egg_info
[1.092s] removing '/home/rokey/7_ws/src/install/robot_control_gui/lib/python3.10/site-packages/robot_control_gui-0.0.1-py3.10.egg-info' (and everything under it)
[1.093s] Copying ../build/robot_control_gui/robot_control_gui.egg-info to /home/rokey/7_ws/src/install/robot_control_gui/lib/python3.10/site-packages/robot_control_gui-0.0.1-py3.10.egg-info
[1.093s] running install_scripts
[1.114s] Installing robot_control_gui script to /home/rokey/7_ws/src/install/robot_control_gui/lib/robot_control_gui
[1.115s] writing list of installed files to '/home/rokey/7_ws/src/build/robot_control_gui/install.log'
[1.141s] Invoked command in '/home/rokey/7_ws/src/robot_control_gui' returned '0': PYTHONPATH=/home/rokey/7_ws/src/build/robot_control_gui/prefix_override:/usr/lib/python3/dist-packages/colcon_core/task/python/colcon_distutils_commands:/home/rokey/7_ws/src/install/robot_control_gui/lib/python3.10/site-packages:${PYTHONPATH} /usr/bin/python3 -W ignore:setup.py install is deprecated -W ignore:easy_install command is deprecated setup.py egg_info --egg-base ../build/robot_control_gui build --build-base /home/rokey/7_ws/src/build/robot_control_gui/build install --record /home/rokey/7_ws/src/build/robot_control_gui/install.log --single-version-externally-managed install_data
